#
# There is insufficient memory for the Java Runtime Environment to continue.
# Native memory allocation (mmap) failed to map 536870912 bytes for G1 virtual space
# Possible reasons:
#   The system is out of physical RAM or swap space
#   The process is running with CompressedOops enabled, and the Java Heap may be blocking the growth of the native heap
# Possible solutions:
#   Reduce memory load on the system
#   Increase physical memory or swap space
#   Check if swap backing store is full
#   Decrease Java heap size (-Xmx/-Xms)
#   Decrease number of Java threads
#   Decrease Java thread stack sizes (-Xss)
#   Set larger code cache with -XX:ReservedCodeCacheSize=
#   JVM is running with Zero Based Compressed Oops mode in which the Java heap is
#     placed in the first 32GB address space. The Java Heap base address is the
#     maximum limit for the native heap growth. Please use -XX:HeapBaseMinAddress
#     to set the Java Heap base and to place the Java Heap above 32GB virtual address.
# This output file may be truncated or incomplete.
#
#  Out of Memory Error (os_windows.cpp:3469), pid=7784, tid=9512
#
# JRE version:  (17.0.1+12) (build )
# Java VM: OpenJDK 64-Bit Server VM (17.0.1+12, mixed mode, sharing, tiered, compressed oops, compressed class ptrs, g1 gc, windows-amd64)
# No core dump will be written. Minidumps are not enabled by default on client versions of Windows
#

---------------  S U M M A R Y ------------

Command Line: -agentlib:jdwp=transport=dt_socket,server=n,suspend=y,address=localhost:52143 -XX:+ShowCodeDetailsInExceptionMessages Main

Host: Intel(R) Core(TM) i7-4790 CPU @ 3.60GHz, 8 cores, 31G,  Windows 10 , 64 bit Build 19041 (10.0.19041.3155)
Time: Mon Sep  4 00:12:07 2023 Eastern Daylight Time elapsed time: 0.020452 seconds (0d 0h 0m 0s)

---------------  T H R E A D  ---------------

Current thread (0x000001ba7933f660):  JavaThread "Unknown thread" [_thread_in_vm, id=9512, stack(0x0000000836e00000,0x0000000836f00000)]

Stack: [0x0000000836e00000,0x0000000836f00000]
Native frames: (J=compiled Java code, j=interpreted, Vv=VM code, C=native code)
V  [jvm.dll+0x6744da]
V  [jvm.dll+0x82e144]
V  [jvm.dll+0x82f8ee]
V  [jvm.dll+0x82ff53]
V  [jvm.dll+0x245175]
V  [jvm.dll+0x6714c9]
V  [jvm.dll+0x665f92]
V  [jvm.dll+0x303c3b]
V  [jvm.dll+0x30b176]
V  [jvm.dll+0x35af1e]
V  [jvm.dll+0x35b14f]
V  [jvm.dll+0x2dab78]
V  [jvm.dll+0x2dbae4]
V  [jvm.dll+0x7ffdf1]
V  [jvm.dll+0x368c91]
V  [jvm.dll+0x7df2cc]
V  [jvm.dll+0x3eb59f]
V  [jvm.dll+0x3ed121]
C  [jli.dll+0x5277]
C  [ucrtbase.dll+0x21bb2]
C  [KERNEL32.DLL+0x17614]
C  [ntdll.dll+0x526b1]


---------------  P R O C E S S  ---------------

Threads class SMR info:
_java_thread_list=0x00007fff549b4e58, length=0, elements={
}

Java Threads: ( => current thread )

Other Threads:
  0x000001ba793ba8f0 GCTaskThread "GC Thread#0" [stack: 0x0000000836f00000,0x0000000837000000] [id=26360]
  0x000001ba793cd7a0 ConcurrentGCThread "G1 Main Marker" [stack: 0x0000000837000000,0x0000000837100000] [id=35268]
  0x000001ba793ce950 ConcurrentGCThread "G1 Conc#0" [stack: 0x0000000837100000,0x0000000837200000] [id=32444]

[error occurred during error reporting (printing all threads), id 0xc0000005, EXCEPTION_ACCESS_VIOLATION (0xc0000005) at pc=0x00007fff5418b5f7]

VM state: not at safepoint (not fully initialized)

VM Mutex/Monitor currently owned by a thread:  ([mutex/lock_event])
[0x000001ba7933b850] Heap_lock - owner thread: 0x000001ba7933f660

Heap address: 0x0000000601400000, size: 8172 MB, Compressed Oops mode: Zero based, Oop shift amount: 3

CDS archive(s) mapped at: [0x0000000000000000-0x0000000000000000-0x0000000000000000), size 0, SharedBaseAddress: 0x0000000800000000, ArchiveRelocationMode: 0.
Narrow klass base: 0x0000000000000000, Narrow klass shift: 0, Narrow klass range: 0x0

GC Precious Log:
<Empty>

Heap:
 garbage-first heap   total 0K, used 0K [0x0000000601400000, 0x0000000800000000)
  region size 4096K, 0 young (0K), 0 survivors (0K)

[error occurred during error reporting (printing heap information), id 0xc0000005, EXCEPTION_ACCESS_VIOLATION (0xc0000005) at pc=0x00007fff5456d729]

GC Heap History (0 events):
No events

Deoptimization events (0 events):
No events

Classes unloaded (0 events):
No events

Classes redefined (0 events):
No events

Internal exceptions (0 events):
No events

VM Operations (0 events):
No events

Events (1 events):
Event: 0.014 Loaded shared library C:\Program Files\Eclipse Adoptium\jdk-17.0.1.12-hotspot\bin\java.dll


Dynamic libraries:
0x00007ff7181e0000 - 0x00007ff7181ee000 	C:\Program Files\Eclipse Adoptium\jdk-17.0.1.12-hotspot\bin\java.exe
0x00007fff97290000 - 0x00007fff97488000 	C:\Windows\SYSTEM32\ntdll.dll
0x00007fff95b00000 - 0x00007fff95bbf000 	C:\Windows\System32\KERNEL32.DLL
0x00007fff949a0000 - 0x00007fff94c96000 	C:\Windows\System32\KERNELBASE.dll
0x00007fff95000000 - 0x00007fff95100000 	C:\Windows\System32\ucrtbase.dll
0x00007fff8a710000 - 0x00007fff8a728000 	C:\Program Files\Eclipse Adoptium\jdk-17.0.1.12-hotspot\bin\jli.dll
0x00007fff806a0000 - 0x00007fff806b9000 	C:\Program Files\Eclipse Adoptium\jdk-17.0.1.12-hotspot\bin\VCRUNTIME140.dll
0x00007fff96710000 - 0x00007fff968ad000 	C:\Windows\System32\USER32.dll
0x00007fff81720000 - 0x00007fff819ba000 	C:\Windows\WinSxS\amd64_microsoft.windows.common-controls_6595b64144ccf1df_6.0.19041.1110_none_60b5254171f9507e\COMCTL32.dll
0x00007fff95100000 - 0x00007fff95122000 	C:\Windows\System32\win32u.dll
0x00007fff97000000 - 0x00007fff9709e000 	C:\Windows\System32\msvcrt.dll
0x00007fff953a0000 - 0x00007fff953cc000 	C:\Windows\System32\GDI32.dll
0x00007fff951d0000 - 0x00007fff952e5000 	C:\Windows\System32\gdi32full.dll
0x00007fff95130000 - 0x00007fff951cd000 	C:\Windows\System32\msvcp_win.dll
0x00007fff96600000 - 0x00007fff96630000 	C:\Windows\System32\IMM32.DLL
0x00007fff8aa70000 - 0x00007fff8aa7c000 	C:\Program Files\Eclipse Adoptium\jdk-17.0.1.12-hotspot\bin\vcruntime140_1.dll
0x00007fff6ed40000 - 0x00007fff6edd1000 	C:\Program Files\Eclipse Adoptium\jdk-17.0.1.12-hotspot\bin\msvcp140.dll
0x00007fff53ea0000 - 0x00007fff54ae6000 	C:\Program Files\Eclipse Adoptium\jdk-17.0.1.12-hotspot\bin\server\jvm.dll
0x00007fff953e0000 - 0x00007fff9548f000 	C:\Windows\System32\ADVAPI32.dll
0x00007fff95300000 - 0x00007fff9539c000 	C:\Windows\System32\sechost.dll
0x00007fff95dc0000 - 0x00007fff95ee6000 	C:\Windows\System32\RPCRT4.dll
0x00007fff952f0000 - 0x00007fff952f8000 	C:\Windows\System32\PSAPI.DLL
0x00007fff7a460000 - 0x00007fff7a469000 	C:\Windows\SYSTEM32\WSOCK32.dll
0x00007fff87f00000 - 0x00007fff87f27000 	C:\Windows\SYSTEM32\WINMM.dll
0x00007fff8ced0000 - 0x00007fff8ceda000 	C:\Windows\SYSTEM32\VERSION.dll
0x00007fff95f00000 - 0x00007fff95f6b000 	C:\Windows\System32\WS2_32.dll
0x00007fff927f0000 - 0x00007fff92802000 	C:\Windows\SYSTEM32\kernel.appcore.dll
0x00007fff80250000 - 0x00007fff8025a000 	C:\Program Files\Eclipse Adoptium\jdk-17.0.1.12-hotspot\bin\jimage.dll
0x00007fff87c20000 - 0x00007fff87e04000 	C:\Windows\SYSTEM32\DBGHELP.DLL
0x00007fff89550000 - 0x00007fff89584000 	C:\Windows\SYSTEM32\dbgcore.DLL
0x00007fff94ec0000 - 0x00007fff94f42000 	C:\Windows\System32\bcryptPrimitives.dll
0x00007fff7b930000 - 0x00007fff7b96b000 	C:\Program Files\Eclipse Adoptium\jdk-17.0.1.12-hotspot\bin\jdwp.dll
0x00007fff7da70000 - 0x00007fff7da95000 	C:\Program Files\Eclipse Adoptium\jdk-17.0.1.12-hotspot\bin\java.dll

dbghelp: loaded successfully - version: 4.0.5 - missing functions: none
symbol engine: initialized successfully - sym options: 0x614 - pdb path: .;C:\Program Files\Eclipse Adoptium\jdk-17.0.1.12-hotspot\bin;C:\Windows\SYSTEM32;C:\Windows\WinSxS\amd64_microsoft.windows.common-controls_6595b64144ccf1df_6.0.19041.1110_none_60b5254171f9507e;C:\Program Files\Eclipse Adoptium\jdk-17.0.1.12-hotspot\bin\server

VM Arguments:
jvm_args: -agentlib:jdwp=transport=dt_socket,server=n,suspend=y,address=localhost:52143 -XX:+ShowCodeDetailsInExceptionMessages 
java_command: Main
java_class_path (initial): C:\Users\isome\Desktop\Java\Social Media Blog\social_media_blog_api\target\classes;C:\Users\isome\.m2\repository\junit\junit\4.13.2\junit-4.13.2.jar;C:\Users\isome\.m2\repository\org\hamcrest\hamcrest-core\1.3\hamcrest-core-1.3.jar;C:\Users\isome\.m2\repository\io\javalin\javalin\5.0.1\javalin-5.0.1.jar;C:\Users\isome\.m2\repository\org\slf4j\slf4j-api\1.7.36\slf4j-api-1.7.36.jar;C:\Users\isome\.m2\repository\org\eclipse\jetty\jetty-server\11.0.12\jetty-server-11.0.12.jar;C:\Users\isome\.m2\repository\org\eclipse\jetty\toolchain\jetty-jakarta-servlet-api\5.0.2\jetty-jakarta-servlet-api-5.0.2.jar;C:\Users\isome\.m2\repository\org\eclipse\jetty\jetty-http\11.0.12\jetty-http-11.0.12.jar;C:\Users\isome\.m2\repository\org\eclipse\jetty\jetty-util\11.0.12\jetty-util-11.0.12.jar;C:\Users\isome\.m2\repository\org\eclipse\jetty\jetty-io\11.0.12\jetty-io-11.0.12.jar;C:\Users\isome\.m2\repository\org\eclipse\jetty\jetty-webapp\11.0.12\jetty-webapp-11.0.12.jar;C:\Users\isome\.m2\repository\org\eclipse\jetty\jetty-servlet\11.0.12\jetty-servlet-11.0.12.jar;C:\Users\isome\.m2\repository\org\eclipse\jetty\jetty-security\11.0.12\jetty-security-11.0.12.jar;C:\Users\isome\.m2\repository\org\eclipse\jetty\jetty-xml\11.0.12\jetty-xml-11.0.12.jar;C:\Users\isome\.m2\repository\org\eclipse\jetty\websocket\websocket-jetty-server\11.0.12\websocket-jetty-server-11.0.12.jar;C:\Users\isome\.m2\repository\org\eclipse\jetty\websocket\websocket-jetty-common\11.0.12\websocket-jetty-common-11.0.12.jar;C:\Users\isome\.m2\repository\org\eclipse\jetty\websocket\websocket-core-common\11.0.12\websocket-core-common-11.0.12.jar;C:\Users\isome\.m2\repository\org\eclipse\jetty\websocket\websocket-servlet\11.0.12\websocket-servlet-11.0.12.jar;C:\Users\isome\.m2\repository\org\eclipse\jetty\websocket\websocket-core-server\11.0.12\websocket-core-server-11.0.12.jar;C:\Users\isome\.m2\repository\org\eclipse\jetty\jetty-annotations\11.0.12\jetty-annotations-11.0.12.jar;C:\Users\isome\.
Launcher Type: SUN_STANDARD

[Global flags]
     intx CICompilerCount                          = 4                                         {product} {ergonomic}
     uint ConcGCThreads                            = 2                                         {product} {ergonomic}
     uint G1ConcRefinementThreads                  = 8                                         {product} {ergonomic}
   size_t G1HeapRegionSize                         = 4194304                                   {product} {ergonomic}
    uintx GCDrainStackTargetSize                   = 64                                        {product} {ergonomic}
   size_t InitialHeapSize                          = 536870912                                 {product} {ergonomic}
   size_t MarkStackSize                            = 4194304                                   {product} {ergonomic}
   size_t MaxHeapSize                              = 8568963072                                {product} {ergonomic}
   size_t MinHeapDeltaBytes                        = 4194304                                   {product} {ergonomic}
   size_t MinHeapSize                              = 8388608                                   {product} {ergonomic}
    uintx NonNMethodCodeHeapSize                   = 5839372                                {pd product} {ergonomic}
    uintx NonProfiledCodeHeapSize                  = 122909434                              {pd product} {ergonomic}
    uintx ProfiledCodeHeapSize                     = 122909434                              {pd product} {ergonomic}
    uintx ReservedCodeCacheSize                    = 251658240                              {pd product} {ergonomic}
     bool SegmentedCodeCache                       = true                                      {product} {ergonomic}
     bool ShowCodeDetailsInExceptionMessages       = true                                   {manageable} {command line}
   size_t SoftMaxHeapSize                          = 8568963072                             {manageable} {ergonomic}
     bool UseCompressedClassPointers               = true                           {product lp64_product} {ergonomic}
     bool UseCompressedOops                        = true                           {product lp64_product} {ergonomic}
     bool UseG1GC                                  = true                                      {product} {ergonomic}
     bool UseLargePagesIndividualAllocation        = false                                  {pd product} {ergonomic}

Logging:
Log output configuration:
 #0: stdout all=warning uptime,level,tags
 #1: stderr all=off uptime,level,tags

Environment Variables:
PATH=C:\Program Files\Eclipse Adoptium\jdk-17.0.1.12-hotspot\bin;C:\Windows\system32;C:\Windows;C:\Windows\System32\Wbem;C:\Windows\System32\WindowsPowerShell\v1.0\;C:\Windows\System32\OpenSSH\;C:\Program Files\Git\cmd;C:\Program Files\Microsoft SQL Server\150\Tools\Binn\;C:\Program Files\Microsoft SQL Server\Client SDK\ODBC\170\Tools\Binn\;C:\Program Files\dotnet\;C:\Program Files\TortoiseGit\bin;C:\Program Files (x86)\Microsoft SQL Server\160\Tools\Binn\;C:\Program Files\Microsoft SQL Server\160\Tools\Binn\;C:\Program Files\Microsoft SQL Server\160\DTS\Binn\;C:\Program Files (x86)\Microsoft SQL Server\160\DTS\Binn\;C:\Program Files\Azure Data Studio\bin;C:\Program Files\nodejs\;C:\Program Files\Docker\Docker\resources\bin;C:\Users\isome\AppData\Local\Programs\Python\Python310\Scripts\;C:\Users\isome\AppData\Local\Programs\Python\Python310\;C:\Program Files\MySQL\MySQL Shell 8.0\bin\;C:\Users\isome\AppData\Local\Microsoft\WindowsApps;C:\Users\isome\AppData\Local\Programs\Microsoft VS Code\bin;C:\Program Files\heroku\bin;C:\Users\isome\.dotnet\tools;C:\Program Files\JetBrains\PyCharm Community Edition 2023.1\bin;C:\Users\isome\AppData\Roaming\npm;C:\Users\isome\AppData\Local\GitHubDesktop\bin
USERNAME=isome
LANG=en_US.UTF-8
OS=Windows_NT
PROCESSOR_IDENTIFIER=Intel64 Family 6 Model 60 Stepping 3, GenuineIntel



---------------  S Y S T E M  ---------------

OS:
 Windows 10 , 64 bit Build 19041 (10.0.19041.3155)
OS uptime: 5 days 5:49 hours
Hyper-V role detected

CPU: total 8 (initial active 8) (4 cores per cpu, 2 threads per core) family 6 model 60 stepping 3 microcode 0x27, cx8, cmov, fxsr, ht, mmx, sse, sse2, sse3, ssse3, sse4.1, sse4.2, popcnt, lzcnt, tsc, tscinvbit, avx, avx2, aes, erms, clmul, bmi1, bmi2, fma, vzeroupper, clflush, hv

Memory: 4k page, system-wide physical 32673M (7362M free)
TotalPageFile size 42673M (AvailPageFile size 241M)
current process WorkingSet (physical memory assigned to process): 10M, peak: 10M
current process commit charge ("private bytes"): 60M, peak: 572M

vm_info: OpenJDK 64-Bit Server VM (17.0.1+12) for windows-amd64 JRE (17.0.1+12), built on Oct 20 2021 07:42:55 by "" with MS VC++ 16.7 (VS2019)

END.
